<?xml version="1.0" encoding="UTF-8"?>
<testsuite name="com.csye6225.demo.rest_assured.Demo" tests="1" skipped="0" failures="0" errors="0" timestamp="2017-09-28T13:14:58" hostname="yogita-VirtualBox" time="0.009">
  <properties/>
  <testcase name="Demo_test" classname="com.csye6225.demo.rest_assured.Demo" time="0.009"/>
  <system-out><![CDATA[2017-09-28 09:14:57.933  INFO 5983 --- [    Test worker] .b.t.c.SpringBootTestContextBootstrapper : Neither @ContextConfiguration nor @ContextHierarchy found for test class [com.csye6225.demo.rest_assured.Demo], using SpringBootContextLoader
2017-09-28 09:14:57.946  INFO 5983 --- [    Test worker] o.s.t.c.support.AbstractContextLoader    : Could not detect default resource locations for test class [com.csye6225.demo.rest_assured.Demo]: no resource found for suffixes {-context.xml, Context.groovy}.
2017-09-28 09:14:57.946  INFO 5983 --- [    Test worker] t.c.s.AnnotationConfigContextLoaderUtils : Could not detect default configuration classes for test class [com.csye6225.demo.rest_assured.Demo]: Demo does not declare any static, non-private, non-final, nested classes annotated with @Configuration.
2017-09-28 09:14:57.964  INFO 5983 --- [    Test worker] .b.t.c.SpringBootTestContextBootstrapper : Found @SpringBootConfiguration com.csye6225.demo.DemoApplication for test class com.csye6225.demo.rest_assured.Demo
2017-09-28 09:14:57.991  INFO 5983 --- [    Test worker] .b.t.c.SpringBootTestContextBootstrapper : Loaded default TestExecutionListener class names from location [META-INF/spring.factories]: [org.springframework.security.test.context.support.WithSecurityContextTestExecutionListener, org.springframework.boot.test.autoconfigure.restdocs.RestDocsTestExecutionListener, org.springframework.boot.test.autoconfigure.web.client.MockRestServiceServerResetTestExecutionListener, org.springframework.boot.test.autoconfigure.web.servlet.MockMvcPrintOnlyOnFailureTestExecutionListener, org.springframework.boot.test.autoconfigure.web.servlet.WebDriverTestExecutionListener, org.springframework.boot.test.mock.mockito.MockitoTestExecutionListener, org.springframework.boot.test.mock.mockito.ResetMocksTestExecutionListener, org.springframework.test.context.web.ServletTestExecutionListener, org.springframework.test.context.support.DirtiesContextBeforeModesTestExecutionListener, org.springframework.test.context.support.DependencyInjectionTestExecutionListener, org.springframework.test.context.support.DirtiesContextTestExecutionListener, org.springframework.test.context.transaction.TransactionalTestExecutionListener, org.springframework.test.context.jdbc.SqlScriptsTestExecutionListener]
2017-09-28 09:14:58.011  INFO 5983 --- [    Test worker] .b.t.c.SpringBootTestContextBootstrapper : Using TestExecutionListeners: [org.springframework.test.context.web.ServletTestExecutionListener@3f5e3499, org.springframework.test.context.support.DirtiesContextBeforeModesTestExecutionListener@5dab494c, org.springframework.boot.test.autoconfigure.SpringBootDependencyInjectionTestExecutionListener@304e99e6, org.springframework.test.context.support.DirtiesContextTestExecutionListener@6b325cdf, org.springframework.test.context.transaction.TransactionalTestExecutionListener@258647dc, org.springframework.test.context.jdbc.SqlScriptsTestExecutionListener@22609b09, org.springframework.security.test.context.support.WithSecurityContextTestExecutionListener@66a5a70a, org.springframework.boot.test.autoconfigure.web.servlet.WebDriverTestExecutionListener@1f08cba5, org.springframework.boot.test.autoconfigure.web.client.MockRestServiceServerResetTestExecutionListener@827c73f, org.springframework.boot.test.autoconfigure.web.servlet.MockMvcPrintOnlyOnFailureTestExecutionListener@2e39ade1, org.springframework.boot.test.mock.mockito.ResetMocksTestExecutionListener@656fd2db, org.springframework.boot.test.autoconfigure.restdocs.RestDocsTestExecutionListener@3ce36830, org.springframework.boot.test.mock.mockito.MockitoTestExecutionListener@acb5eac]
]]></system-out>
  <system-err><![CDATA[]]></system-err>
</testsuite>
