<?xml version="1.0" encoding="UTF-8"?>
<testsuite name="com.csye6225.demo.DemoApplicationTests" tests="1" skipped="1" failures="0" errors="0" timestamp="2017-09-28T13:14:46" hostname="yogita-VirtualBox" time="0.0">
  <properties/>
  <testcase name="contextLoads" classname="com.csye6225.demo.DemoApplicationTests" time="0.0">
    <skipped/>
  </testcase>
  <system-out><![CDATA[09:14:46.146 [Test worker] DEBUG org.springframework.test.context.junit4.SpringJUnit4ClassRunner - SpringJUnit4ClassRunner constructor called with [class com.csye6225.demo.DemoApplicationTests]
09:14:46.153 [Test worker] DEBUG org.springframework.test.context.BootstrapUtils - Instantiating CacheAwareContextLoaderDelegate from class [org.springframework.test.context.cache.DefaultCacheAwareContextLoaderDelegate]
09:14:46.162 [Test worker] DEBUG org.springframework.test.context.BootstrapUtils - Instantiating BootstrapContext using constructor [public org.springframework.test.context.support.DefaultBootstrapContext(java.lang.Class,org.springframework.test.context.CacheAwareContextLoaderDelegate)]
09:14:46.185 [Test worker] DEBUG org.springframework.test.context.BootstrapUtils - Instantiating TestContextBootstrapper for test class [com.csye6225.demo.DemoApplicationTests] from class [org.springframework.boot.test.context.SpringBootTestContextBootstrapper]
09:14:46.207 [Test worker] INFO org.springframework.boot.test.context.SpringBootTestContextBootstrapper - Neither @ContextConfiguration nor @ContextHierarchy found for test class [com.csye6225.demo.DemoApplicationTests], using SpringBootContextLoader
09:14:46.212 [Test worker] DEBUG org.springframework.test.context.support.AbstractContextLoader - Did not detect default resource location for test class [com.csye6225.demo.DemoApplicationTests]: class path resource [com/csye6225/demo/DemoApplicationTests-context.xml] does not exist
09:14:46.212 [Test worker] DEBUG org.springframework.test.context.support.AbstractContextLoader - Did not detect default resource location for test class [com.csye6225.demo.DemoApplicationTests]: class path resource [com/csye6225/demo/DemoApplicationTestsContext.groovy] does not exist
09:14:46.213 [Test worker] INFO org.springframework.test.context.support.AbstractContextLoader - Could not detect default resource locations for test class [com.csye6225.demo.DemoApplicationTests]: no resource found for suffixes {-context.xml, Context.groovy}.
09:14:46.214 [Test worker] INFO org.springframework.test.context.support.AnnotationConfigContextLoaderUtils - Could not detect default configuration classes for test class [com.csye6225.demo.DemoApplicationTests]: DemoApplicationTests does not declare any static, non-private, non-final, nested classes annotated with @Configuration.
09:14:46.274 [Test worker] DEBUG org.springframework.test.context.support.ActiveProfilesUtils - Could not find an 'annotation declaring class' for annotation type [org.springframework.test.context.ActiveProfiles] and class [com.csye6225.demo.DemoApplicationTests]
09:14:46.284 [Test worker] DEBUG org.springframework.core.env.StandardEnvironment - Adding [systemProperties] PropertySource with lowest search precedence
09:14:46.285 [Test worker] DEBUG org.springframework.core.env.StandardEnvironment - Adding [systemEnvironment] PropertySource with lowest search precedence
09:14:46.286 [Test worker] DEBUG org.springframework.core.env.StandardEnvironment - Initialized StandardEnvironment with PropertySources [systemProperties,systemEnvironment]
09:14:46.299 [Test worker] DEBUG org.springframework.core.io.support.PathMatchingResourcePatternResolver - Resolved classpath location [com/csye6225/demo/] to resources [URL [file:/home/yogita/Documents/my_git_repo/csye6225-fall2017/build/classes/java/test/com/csye6225/demo/], URL [file:/home/yogita/Documents/my_git_repo/csye6225-fall2017/build/classes/java/main/com/csye6225/demo/]]
09:14:46.302 [Test worker] DEBUG org.springframework.core.io.support.PathMatchingResourcePatternResolver - Looking for matching resources in directory tree [/home/yogita/Documents/my_git_repo/csye6225-fall2017/build/classes/java/test/com/csye6225/demo]
09:14:46.302 [Test worker] DEBUG org.springframework.core.io.support.PathMatchingResourcePatternResolver - Searching directory [/home/yogita/Documents/my_git_repo/csye6225-fall2017/build/classes/java/test/com/csye6225/demo] for files matching pattern [/home/yogita/Documents/my_git_repo/csye6225-fall2017/build/classes/java/test/com/csye6225/demo/*.class]
09:14:46.308 [Test worker] DEBUG org.springframework.core.io.support.PathMatchingResourcePatternResolver - Looking for matching resources in directory tree [/home/yogita/Documents/my_git_repo/csye6225-fall2017/build/classes/java/main/com/csye6225/demo]
09:14:46.308 [Test worker] DEBUG org.springframework.core.io.support.PathMatchingResourcePatternResolver - Searching directory [/home/yogita/Documents/my_git_repo/csye6225-fall2017/build/classes/java/main/com/csye6225/demo] for files matching pattern [/home/yogita/Documents/my_git_repo/csye6225-fall2017/build/classes/java/main/com/csye6225/demo/*.class]
09:14:46.310 [Test worker] DEBUG org.springframework.core.io.support.PathMatchingResourcePatternResolver - Resolved location pattern [classpath*:com/csye6225/demo/*.class] to resources [file [/home/yogita/Documents/my_git_repo/csye6225-fall2017/build/classes/java/test/com/csye6225/demo/DemoApplicationTests.class], file [/home/yogita/Documents/my_git_repo/csye6225-fall2017/build/classes/java/main/com/csye6225/demo/DemoApplication.class], file [/home/yogita/Documents/my_git_repo/csye6225-fall2017/build/classes/java/main/com/csye6225/demo/ServletInitializer.class]]
09:14:46.368 [Test worker] DEBUG org.springframework.context.annotation.ClassPathScanningCandidateComponentProvider - Identified candidate component class: file [/home/yogita/Documents/my_git_repo/csye6225-fall2017/build/classes/java/main/com/csye6225/demo/DemoApplication.class]
09:14:46.370 [Test worker] INFO org.springframework.boot.test.context.SpringBootTestContextBootstrapper - Found @SpringBootConfiguration com.csye6225.demo.DemoApplication for test class com.csye6225.demo.DemoApplicationTests
09:14:46.376 [Test worker] DEBUG org.springframework.boot.test.context.SpringBootTestContextBootstrapper - @TestExecutionListeners is not present for class [com.csye6225.demo.DemoApplicationTests]: using defaults.
09:14:46.395 [Test worker] INFO org.springframework.boot.test.context.SpringBootTestContextBootstrapper - Loaded default TestExecutionListener class names from location [META-INF/spring.factories]: [org.springframework.security.test.context.support.WithSecurityContextTestExecutionListener, org.springframework.boot.test.autoconfigure.restdocs.RestDocsTestExecutionListener, org.springframework.boot.test.autoconfigure.web.client.MockRestServiceServerResetTestExecutionListener, org.springframework.boot.test.autoconfigure.web.servlet.MockMvcPrintOnlyOnFailureTestExecutionListener, org.springframework.boot.test.autoconfigure.web.servlet.WebDriverTestExecutionListener, org.springframework.boot.test.mock.mockito.MockitoTestExecutionListener, org.springframework.boot.test.mock.mockito.ResetMocksTestExecutionListener, org.springframework.test.context.web.ServletTestExecutionListener, org.springframework.test.context.support.DirtiesContextBeforeModesTestExecutionListener, org.springframework.test.context.support.DependencyInjectionTestExecutionListener, org.springframework.test.context.support.DirtiesContextTestExecutionListener, org.springframework.test.context.transaction.TransactionalTestExecutionListener, org.springframework.test.context.jdbc.SqlScriptsTestExecutionListener]
09:14:46.427 [Test worker] INFO org.springframework.boot.test.context.SpringBootTestContextBootstrapper - Using TestExecutionListeners: [org.springframework.test.context.web.ServletTestExecutionListener@28a084bb, org.springframework.test.context.support.DirtiesContextBeforeModesTestExecutionListener@422f2c67, org.springframework.boot.test.autoconfigure.SpringBootDependencyInjectionTestExecutionListener@649ff7a2, org.springframework.test.context.support.DirtiesContextTestExecutionListener@15ba11ff, org.springframework.test.context.transaction.TransactionalTestExecutionListener@3913caaf, org.springframework.test.context.jdbc.SqlScriptsTestExecutionListener@26495fe, org.springframework.security.test.context.support.WithSecurityContextTestExecutionListener@19dd50f7, org.springframework.boot.test.autoconfigure.web.servlet.WebDriverTestExecutionListener@5c2d9fda, org.springframework.boot.test.autoconfigure.web.client.MockRestServiceServerResetTestExecutionListener@7bcc6042, org.springframework.boot.test.autoconfigure.web.servlet.MockMvcPrintOnlyOnFailureTestExecutionListener@5d21d1a0, org.springframework.boot.test.mock.mockito.ResetMocksTestExecutionListener@2e08781b, org.springframework.boot.test.autoconfigure.restdocs.RestDocsTestExecutionListener@1eebf14f, org.springframework.boot.test.mock.mockito.MockitoTestExecutionListener@6bd5ca0]
09:14:46.435 [Test worker] DEBUG org.springframework.test.annotation.ProfileValueUtils - Retrieved @ProfileValueSourceConfiguration [null] for test class [com.csye6225.demo.DemoApplicationTests]
09:14:46.436 [Test worker] DEBUG org.springframework.test.annotation.ProfileValueUtils - Retrieved ProfileValueSource type [class org.springframework.test.annotation.SystemProfileValueSource] for class [com.csye6225.demo.DemoApplicationTests]
09:14:46.438 [Test worker] DEBUG org.springframework.test.annotation.ProfileValueUtils - Retrieved @ProfileValueSourceConfiguration [null] for test class [com.csye6225.demo.DemoApplicationTests]
09:14:46.439 [Test worker] DEBUG org.springframework.test.annotation.ProfileValueUtils - Retrieved ProfileValueSource type [class org.springframework.test.annotation.SystemProfileValueSource] for class [com.csye6225.demo.DemoApplicationTests]
]]></system-out>
  <system-err><![CDATA[]]></system-err>
</testsuite>
